<?xml version="1.0" encoding="UTF-8"?>
<robot generator="Robot 4.1.2 (Python 3.10.0 on win32)" generated="20211206 12:51:52.362" rpa="false" schemaversion="2">
<suite id="s1" name="Test" source="C:\Users\NAYANA K\Desktop\Moolya assesment\APNA\test cases\week2\Test\test.robot">
<test id="s1-t1" name="user should be able to search in Apna application">
<kw name="Launch the Apna Application">
<kw name="Open Application" library="AppiumLibrary">
<arg>${mir_server}</arg>
<arg>platformName=${platformName}</arg>
<arg>platformVersion=${platformVersion}</arg>
<arg>deviceName=${deviceName}</arg>
<arg>appActivity=${app_activity}</arg>
<arg>appPackage=${app_package}</arg>
<arg>noReset=true</arg>
<doc>Opens a new application to given Appium server.
Capabilities of appium server, Android and iOS,
Please check https://github.com/appium/appium/blob/master/docs/en/writing-running-appium/server-args.md
| *Option*            | *Man.* | *Description*     |
| remote_url          | Yes    | Appium server url |
| alias               | no     | alias             |</doc>
<status status="PASS" starttime="20211206 12:51:52.634" endtime="20211206 12:52:15.982"/>
</kw>
<status status="PASS" starttime="20211206 12:51:52.634" endtime="20211206 12:52:15.983"/>
</kw>
<tag>user should be able to search in Apna application</tag>
<status status="PASS" starttime="20211206 12:51:52.633" endtime="20211206 12:52:15.983"/>
</test>
<test id="s1-t2" name="User need to login and get otp">
<kw name="OTPs and phone number should be generated randomly for staging environment">
<kw name="Wait Until Page Contains Element" library="AppiumLibrary">
<arg>${Login}</arg>
<arg>timeout=30s</arg>
<doc>Waits until element specified with `locator` appears on current page.</doc>
<status status="PASS" starttime="20211206 12:52:15.987" endtime="20211206 12:52:22.205"/>
</kw>
<kw name="Sleep" library="BuiltIn">
<arg>3s</arg>
<doc>Pauses the test executed for the given time.</doc>
<msg timestamp="20211206 12:52:25.220" level="INFO">Slept 3 seconds</msg>
<status status="PASS" starttime="20211206 12:52:22.206" endtime="20211206 12:52:25.220"/>
</kw>
<kw name="Input Text" library="AppiumLibrary">
<arg>${Login}</arg>
<arg>9734667811</arg>
<doc>Types the given `text` into text field identified by `locator`.</doc>
<msg timestamp="20211206 12:52:25.223" level="INFO">Typing text '9734667811' into text field 'id=com.apnatime.debug:id/et_login_number'</msg>
<status status="PASS" starttime="20211206 12:52:25.220" endtime="20211206 12:52:25.393"/>
</kw>
<kw name="Sleep" library="BuiltIn">
<arg>3s</arg>
<doc>Pauses the test executed for the given time.</doc>
<msg timestamp="20211206 12:52:28.401" level="INFO">Slept 3 seconds</msg>
<status status="PASS" starttime="20211206 12:52:25.393" endtime="20211206 12:52:28.401"/>
</kw>
<kw name="Capture Page Screenshot" library="AppiumLibrary">
<arg>Login.png</arg>
<doc>Takes a screenshot of the current page and embeds it into the log.</doc>
<msg timestamp="20211206 12:52:28.784" level="INFO" html="true">&lt;/td&gt;&lt;/tr&gt;&lt;tr&gt;&lt;td colspan="3"&gt;&lt;a href="Login.png"&gt;&lt;img src="Login.png" width="800px"&gt;&lt;/a&gt;</msg>
<status status="PASS" starttime="20211206 12:52:28.401" endtime="20211206 12:52:28.784"/>
</kw>
<kw name="Sleep" library="BuiltIn">
<arg>3s</arg>
<doc>Pauses the test executed for the given time.</doc>
<msg timestamp="20211206 12:52:31.799" level="INFO">Slept 3 seconds</msg>
<status status="PASS" starttime="20211206 12:52:28.784" endtime="20211206 12:52:31.799"/>
</kw>
<kw name="Click Element" library="AppiumLibrary">
<arg>${send}</arg>
<doc>Click element identified by `locator`.</doc>
<msg timestamp="20211206 12:52:31.801" level="INFO">Clicking element 'id=com.apnatime.debug:id/btn_send'.</msg>
<status status="PASS" starttime="20211206 12:52:31.799" endtime="20211206 12:52:31.890"/>
</kw>
<kw name="Sleep" library="BuiltIn">
<arg>3s</arg>
<doc>Pauses the test executed for the given time.</doc>
<msg timestamp="20211206 12:52:34.899" level="INFO">Slept 3 seconds</msg>
<status status="PASS" starttime="20211206 12:52:31.890" endtime="20211206 12:52:34.899"/>
</kw>
<kw name="Wait Until Element Is Visible" library="AppiumLibrary">
<arg>${enter_otp}</arg>
<arg>timeout=30s</arg>
<doc>Waits until element specified with `locator` is visible.</doc>
<status status="PASS" starttime="20211206 12:52:34.899" endtime="20211206 12:52:36.222"/>
</kw>
<kw name="Input Text" library="AppiumLibrary">
<arg>${otp1}</arg>
<arg>3</arg>
<doc>Types the given `text` into text field identified by `locator`.</doc>
<msg timestamp="20211206 12:52:36.225" level="INFO">Typing text '3' into text field 'id=com.apnatime.debug:id/et_otp1'</msg>
<status status="PASS" starttime="20211206 12:52:36.222" endtime="20211206 12:52:36.314"/>
</kw>
<kw name="Input Text" library="AppiumLibrary">
<arg>${otp2}</arg>
<arg>1</arg>
<doc>Types the given `text` into text field identified by `locator`.</doc>
<msg timestamp="20211206 12:52:36.316" level="INFO">Typing text '1' into text field 'id=com.apnatime.debug:id/et_otp2'</msg>
<status status="PASS" starttime="20211206 12:52:36.314" endtime="20211206 12:52:37.245"/>
</kw>
<kw name="Input Text" library="AppiumLibrary">
<arg>${otp3}</arg>
<arg>3</arg>
<doc>Types the given `text` into text field identified by `locator`.</doc>
<msg timestamp="20211206 12:52:37.247" level="INFO">Typing text '3' into text field 'id=com.apnatime.debug:id/et_otp3'</msg>
<status status="PASS" starttime="20211206 12:52:37.245" endtime="20211206 12:52:38.249"/>
</kw>
<kw name="Input Text" library="AppiumLibrary">
<arg>${otp4}</arg>
<arg>4</arg>
<doc>Types the given `text` into text field identified by `locator`.</doc>
<msg timestamp="20211206 12:52:38.250" level="INFO">Typing text '4' into text field 'id=com.apnatime.debug:id/et_otp4'</msg>
<status status="PASS" starttime="20211206 12:52:38.249" endtime="20211206 12:52:39.238"/>
</kw>
<kw name="Sleep" library="BuiltIn">
<arg>3s</arg>
<doc>Pauses the test executed for the given time.</doc>
<msg timestamp="20211206 12:52:42.245" level="INFO">Slept 3 seconds</msg>
<status status="PASS" starttime="20211206 12:52:39.238" endtime="20211206 12:52:42.245"/>
</kw>
<kw name="Capture Page Screenshot" library="AppiumLibrary">
<arg>otp.png</arg>
<doc>Takes a screenshot of the current page and embeds it into the log.</doc>
<msg timestamp="20211206 12:52:43.766" level="INFO" html="true">&lt;/td&gt;&lt;/tr&gt;&lt;tr&gt;&lt;td colspan="3"&gt;&lt;a href="otp.png"&gt;&lt;img src="otp.png" width="800px"&gt;&lt;/a&gt;</msg>
<status status="PASS" starttime="20211206 12:52:42.245" endtime="20211206 12:52:43.766"/>
</kw>
<kw name="Page Should Contain Element" library="AppiumLibrary">
<arg>${enter_otp}</arg>
<doc>Verifies that current page contains `locator` element.</doc>
<msg timestamp="20211206 12:52:44.872" level="INFO">Current page contains element 'id=com.apnatime.debug:id/tv_title'.</msg>
<status status="PASS" starttime="20211206 12:52:43.766" endtime="20211206 12:52:44.872"/>
</kw>
<kw name="Sleep" library="BuiltIn">
<arg>10s</arg>
<doc>Pauses the test executed for the given time.</doc>
<msg timestamp="20211206 12:52:54.883" level="INFO">Slept 10 seconds</msg>
<status status="PASS" starttime="20211206 12:52:44.872" endtime="20211206 12:52:54.883"/>
</kw>
<kw name="Click Element" library="AppiumLibrary">
<arg>xpath=//android.widget.TextView[@text="English"]</arg>
<doc>Click element identified by `locator`.</doc>
<msg timestamp="20211206 12:52:54.885" level="INFO">Clicking element 'xpath=//android.widget.TextView[@text="English"]'.</msg>
<status status="PASS" starttime="20211206 12:52:54.883" endtime="20211206 12:52:55.296"/>
</kw>
<kw name="Sleep" library="BuiltIn">
<arg>5s</arg>
<doc>Pauses the test executed for the given time.</doc>
<msg timestamp="20211206 12:53:00.302" level="INFO">Slept 5 seconds</msg>
<status status="PASS" starttime="20211206 12:52:55.296" endtime="20211206 12:53:00.302"/>
</kw>
<kw name="Click Element" library="AppiumLibrary">
<arg>id=com.apnatime.debug:id/btn_continue</arg>
<doc>Click element identified by `locator`.</doc>
<msg timestamp="20211206 12:53:00.304" level="INFO">Clicking element 'id=com.apnatime.debug:id/btn_continue'.</msg>
<status status="PASS" starttime="20211206 12:53:00.302" endtime="20211206 12:53:00.389"/>
</kw>
<kw name="Sleep" library="BuiltIn">
<arg>5s</arg>
<doc>Pauses the test executed for the given time.</doc>
<msg timestamp="20211206 12:53:05.396" level="INFO">Slept 5 seconds</msg>
<status status="PASS" starttime="20211206 12:53:00.390" endtime="20211206 12:53:05.396"/>
</kw>
<kw name="Click Element" library="AppiumLibrary">
<arg>xpath=//android.widget.Button[@text="Let’s go!"]</arg>
<doc>Click element identified by `locator`.</doc>
<msg timestamp="20211206 12:53:05.992" level="INFO">Clicking element 'xpath=//android.widget.Button[@text="Let’s go!"]'.</msg>
<status status="PASS" starttime="20211206 12:53:05.396" endtime="20211206 12:53:06.166"/>
</kw>
<kw name="Sleep" library="BuiltIn">
<arg>5s</arg>
<doc>Pauses the test executed for the given time.</doc>
<msg timestamp="20211206 12:53:11.172" level="INFO">Slept 5 seconds</msg>
<status status="PASS" starttime="20211206 12:53:06.166" endtime="20211206 12:53:11.172"/>
</kw>
<status status="PASS" starttime="20211206 12:52:15.986" endtime="20211206 12:53:11.172"/>
</kw>
<tag>Login and get OTP</tag>
<status status="PASS" starttime="20211206 12:52:15.985" endtime="20211206 12:53:11.173"/>
</test>
<test id="s1-t3" name="User need to create their profile">
<kw name="Positive Scenarios on User Registration Feilds">
<kw name="Input Text" library="AppiumLibrary">
<arg>${name}</arg>
<arg>Nayana K</arg>
<doc>Types the given `text` into text field identified by `locator`.</doc>
<msg timestamp="20211206 12:53:11.846" level="INFO">Typing text 'Nayana K' into text field 'id=com.apnatime.debug:id/act_profile_info_et_full_name'</msg>
<status status="PASS" starttime="20211206 12:53:11.844" endtime="20211206 12:53:13.120"/>
</kw>
<kw name="Click Element" library="AppiumLibrary">
<arg>id=com.apnatime.debug:id/act_profile_info_et_city</arg>
<doc>Click element identified by `locator`.</doc>
<msg timestamp="20211206 12:53:13.123" level="INFO">Clicking element 'id=com.apnatime.debug:id/act_profile_info_et_city'.</msg>
<status status="PASS" starttime="20211206 12:53:13.120" endtime="20211206 12:53:13.786"/>
</kw>
<kw name="Sleep" library="BuiltIn">
<arg>5s</arg>
<doc>Pauses the test executed for the given time.</doc>
<msg timestamp="20211206 12:53:18.796" level="INFO">Slept 5 seconds</msg>
<status status="PASS" starttime="20211206 12:53:13.786" endtime="20211206 12:53:18.797"/>
</kw>
<kw name="Click Element" library="AppiumLibrary">
<arg>xpath=//android.widget.TextView[@text="Bengaluru"]</arg>
<doc>Click element identified by `locator`.</doc>
<msg timestamp="20211206 12:53:18.810" level="INFO">Clicking element 'xpath=//android.widget.TextView[@text="Bengaluru"]'.</msg>
<status status="PASS" starttime="20211206 12:53:18.798" endtime="20211206 12:53:19.091"/>
</kw>
<kw name="Sleep" library="BuiltIn">
<arg>5s</arg>
<doc>Pauses the test executed for the given time.</doc>
<msg timestamp="20211206 12:53:24.099" level="INFO">Slept 5 seconds</msg>
<status status="PASS" starttime="20211206 12:53:19.091" endtime="20211206 12:53:24.099"/>
</kw>
<kw name="Click Element" library="AppiumLibrary">
<arg>id=com.apnatime.debug:id/act_profile_info_et_location</arg>
<doc>Click element identified by `locator`.</doc>
<msg timestamp="20211206 12:53:24.105" level="INFO">Clicking element 'id=com.apnatime.debug:id/act_profile_info_et_location'.</msg>
<status status="PASS" starttime="20211206 12:53:24.100" endtime="20211206 12:53:24.704"/>
</kw>
<kw name="Sleep" library="BuiltIn">
<arg>5s</arg>
<doc>Pauses the test executed for the given time.</doc>
<msg timestamp="20211206 12:53:29.707" level="INFO">Slept 5 seconds</msg>
<status status="PASS" starttime="20211206 12:53:24.704" endtime="20211206 12:53:29.707"/>
</kw>
<kw name="Click Element" library="AppiumLibrary">
<arg>xpath=//android.widget.TextView[@text="Acharya College"]</arg>
<doc>Click element identified by `locator`.</doc>
<msg timestamp="20211206 12:53:29.711" level="INFO">Clicking element 'xpath=//android.widget.TextView[@text="Acharya College"]'.</msg>
<status status="PASS" starttime="20211206 12:53:29.707" endtime="20211206 12:53:30.273"/>
</kw>
<kw name="Sleep" library="BuiltIn">
<arg>5s</arg>
<doc>Pauses the test executed for the given time.</doc>
<msg timestamp="20211206 12:53:35.282" level="INFO">Slept 5 seconds</msg>
<status status="PASS" starttime="20211206 12:53:30.273" endtime="20211206 12:53:35.282"/>
</kw>
<kw name="Click Element" library="AppiumLibrary">
<arg>id=com.apnatime.debug:id/btn_gender_female</arg>
<doc>Click element identified by `locator`.</doc>
<msg timestamp="20211206 12:53:35.288" level="INFO">Clicking element 'id=com.apnatime.debug:id/btn_gender_female'.</msg>
<status status="PASS" starttime="20211206 12:53:35.282" endtime="20211206 12:53:35.967"/>
</kw>
<kw name="Sleep" library="BuiltIn">
<arg>5s</arg>
<doc>Pauses the test executed for the given time.</doc>
<msg timestamp="20211206 12:53:40.975" level="INFO">Slept 5 seconds</msg>
<status status="PASS" starttime="20211206 12:53:35.967" endtime="20211206 12:53:40.975"/>
</kw>
<kw name="Click Element" library="AppiumLibrary">
<arg>id=com.apnatime.debug:id/act_profile_info_btn_continue</arg>
<doc>Click element identified by `locator`.</doc>
<msg timestamp="20211206 12:53:40.977" level="INFO">Clicking element 'id=com.apnatime.debug:id/act_profile_info_btn_continue'.</msg>
<status status="PASS" starttime="20211206 12:53:40.975" endtime="20211206 12:53:41.056"/>
</kw>
<status status="PASS" starttime="20211206 12:53:11.844" endtime="20211206 12:53:41.057"/>
</kw>
<tag>create their profile</tag>
<status status="PASS" starttime="20211206 12:53:11.843" endtime="20211206 12:53:41.057"/>
</test>
<test id="s1-t4" name="User need to create there work experience">
<kw name="User work experience as fresher">
<kw name="Sleep" library="BuiltIn">
<arg>5s</arg>
<doc>Pauses the test executed for the given time.</doc>
<msg timestamp="20211206 12:53:46.067" level="INFO">Slept 5 seconds</msg>
<status status="PASS" starttime="20211206 12:53:41.060" endtime="20211206 12:53:46.067"/>
</kw>
<kw name="Click Element" library="AppiumLibrary">
<arg>id=com.apnatime.debug:id/act_education_btn_fresher</arg>
<doc>Click element identified by `locator`.</doc>
<msg timestamp="20211206 12:53:46.081" level="INFO">Clicking element 'id=com.apnatime.debug:id/act_education_btn_fresher'.</msg>
<status status="PASS" starttime="20211206 12:53:46.068" endtime="20211206 12:53:46.787"/>
</kw>
<kw name="Sleep" library="BuiltIn">
<arg>5s</arg>
<doc>Pauses the test executed for the given time.</doc>
<msg timestamp="20211206 12:53:51.791" level="INFO">Slept 5 seconds</msg>
<status status="PASS" starttime="20211206 12:53:46.787" endtime="20211206 12:53:51.792"/>
</kw>
<kw name="Click Element" library="AppiumLibrary">
<arg>id=com.apnatime.debug:id/act_education_btn_continue</arg>
<doc>Click element identified by `locator`.</doc>
<msg timestamp="20211206 12:53:51.796" level="INFO">Clicking element 'id=com.apnatime.debug:id/act_education_btn_continue'.</msg>
<status status="PASS" starttime="20211206 12:53:51.792" endtime="20211206 12:53:51.905"/>
</kw>
<status status="PASS" starttime="20211206 12:53:41.060" endtime="20211206 12:53:51.905"/>
</kw>
<tag>create there work experience</tag>
<status status="PASS" starttime="20211206 12:53:41.059" endtime="20211206 12:53:51.905"/>
</test>
<test id="s1-t5" name="User Need to give his/her edu details">
<kw name="User educ details">
<kw name="Sleep" library="BuiltIn">
<arg>5s</arg>
<doc>Pauses the test executed for the given time.</doc>
<msg timestamp="20211206 12:53:56.920" level="INFO">Slept 5 seconds</msg>
<status status="PASS" starttime="20211206 12:53:51.908" endtime="20211206 12:53:56.920"/>
</kw>
<kw name="Click Element" library="AppiumLibrary">
<arg>id=com.apnatime.debug:id/et_education</arg>
<doc>Click element identified by `locator`.</doc>
<msg timestamp="20211206 12:53:57.019" level="INFO">Clicking element 'id=com.apnatime.debug:id/et_education'.</msg>
<status status="PASS" starttime="20211206 12:53:56.920" endtime="20211206 12:53:57.621"/>
</kw>
<kw name="Click Element" library="AppiumLibrary">
<arg>id=com.apnatime.debug:id/tv_education_detail_info</arg>
<doc>Click element identified by `locator`.</doc>
<msg timestamp="20211206 12:53:57.625" level="INFO">Clicking element 'id=com.apnatime.debug:id/tv_education_detail_info'.</msg>
<status status="PASS" starttime="20211206 12:53:57.622" endtime="20211206 12:53:59.162"/>
</kw>
<kw name="Sleep" library="BuiltIn">
<arg>5s</arg>
<doc>Pauses the test executed for the given time.</doc>
<msg timestamp="20211206 12:54:04.178" level="INFO">Slept 5 seconds</msg>
<status status="PASS" starttime="20211206 12:53:59.163" endtime="20211206 12:54:04.178"/>
</kw>
<kw name="Click Element" library="AppiumLibrary">
<arg>id=com.apnatime.debug:id/act_education_btn_continue</arg>
<doc>Click element identified by `locator`.</doc>
<msg timestamp="20211206 12:54:04.180" level="INFO">Clicking element 'id=com.apnatime.debug:id/act_education_btn_continue'.</msg>
<status status="PASS" starttime="20211206 12:54:04.178" endtime="20211206 12:54:04.257"/>
</kw>
<status status="PASS" starttime="20211206 12:53:51.908" endtime="20211206 12:54:04.258"/>
</kw>
<tag>edu details</tag>
<status status="PASS" starttime="20211206 12:53:51.907" endtime="20211206 12:54:04.258"/>
</test>
<test id="s1-t6" name="User need to select the type of jobs according to there education">
<kw name="Users can select the types of jobs">
<kw name="Sleep" library="BuiltIn">
<arg>10s</arg>
<doc>Pauses the test executed for the given time.</doc>
<msg timestamp="20211206 12:54:14.273" level="INFO">Slept 10 seconds</msg>
<status status="PASS" starttime="20211206 12:54:04.261" endtime="20211206 12:54:14.273"/>
</kw>
<kw name="Click Element" library="AppiumLibrary">
<arg>xpath=//android.widget.TextView[@text="Delivery Person"]</arg>
<doc>Click element identified by `locator`.</doc>
<msg timestamp="20211206 12:54:14.277" level="INFO">Clicking element 'xpath=//android.widget.TextView[@text="Delivery Person"]'.</msg>
<status status="PASS" starttime="20211206 12:54:14.274" endtime="20211206 12:54:14.474"/>
</kw>
<kw name="Click Element" library="AppiumLibrary">
<arg>xpath=//android.widget.TextView[@text="Maid"]</arg>
<doc>Click element identified by `locator`.</doc>
<msg timestamp="20211206 12:54:14.478" level="INFO">Clicking element 'xpath=//android.widget.TextView[@text="Maid"]'.</msg>
<status status="PASS" starttime="20211206 12:54:14.475" endtime="20211206 12:54:16.607"/>
</kw>
<kw name="Click Element" library="AppiumLibrary">
<arg>xpath=//android.widget.TextView[@text="Telecaller / BPO"]</arg>
<doc>Click element identified by `locator`.</doc>
<msg timestamp="20211206 12:54:16.611" level="INFO">Clicking element 'xpath=//android.widget.TextView[@text="Telecaller / BPO"]'.</msg>
<status status="PASS" starttime="20211206 12:54:16.607" endtime="20211206 12:54:17.688"/>
</kw>
<kw name="Sleep" library="BuiltIn">
<arg>3s</arg>
<doc>Pauses the test executed for the given time.</doc>
<msg timestamp="20211206 12:54:20.701" level="INFO">Slept 3 seconds</msg>
<status status="PASS" starttime="20211206 12:54:17.688" endtime="20211206 12:54:20.702"/>
</kw>
<kw name="Click Element" library="AppiumLibrary">
<arg>id=com.apnatime.debug:id/btn_save</arg>
<doc>Click element identified by `locator`.</doc>
<msg timestamp="20211206 12:54:20.705" level="INFO">Clicking element 'id=com.apnatime.debug:id/btn_save'.</msg>
<status status="PASS" starttime="20211206 12:54:20.702" endtime="20211206 12:54:20.793"/>
</kw>
<status status="PASS" starttime="20211206 12:54:04.261" endtime="20211206 12:54:20.794"/>
</kw>
<tag>Users can select the types of jobs</tag>
<status status="PASS" starttime="20211206 12:54:04.260" endtime="20211206 12:54:20.794"/>
</test>
<test id="s1-t7" name="User need to upload photo from Gallery">
<kw name="Upload photo from gallery">
<kw name="Sleep" library="BuiltIn">
<arg>3s</arg>
<doc>Pauses the test executed for the given time.</doc>
<msg timestamp="20211206 12:54:23.799" level="INFO">Slept 3 seconds</msg>
<status status="PASS" starttime="20211206 12:54:20.797" endtime="20211206 12:54:23.800"/>
</kw>
<kw name="Click Element" library="AppiumLibrary">
<arg>id=com.apnatime.debug:id/tv_chose_from_gallery</arg>
<doc>Click element identified by `locator`.</doc>
<msg timestamp="20211206 12:54:23.811" level="INFO">Clicking element 'id=com.apnatime.debug:id/tv_chose_from_gallery'.</msg>
<status status="PASS" starttime="20211206 12:54:23.800" endtime="20211206 12:54:23.903"/>
</kw>
<kw name="Sleep" library="BuiltIn">
<arg>3s</arg>
<doc>Pauses the test executed for the given time.</doc>
<msg timestamp="20211206 12:54:26.915" level="INFO">Slept 3 seconds</msg>
<status status="PASS" starttime="20211206 12:54:23.904" endtime="20211206 12:54:26.915"/>
</kw>
<kw name="Click Element" library="AppiumLibrary">
<arg>id=com.android.permissioncontroller:id/permission_allow_button</arg>
<doc>Click element identified by `locator`.</doc>
<msg timestamp="20211206 12:54:26.918" level="INFO">Clicking element 'id=com.android.permissioncontroller:id/permission_allow_button'.</msg>
<status status="PASS" starttime="20211206 12:54:26.915" endtime="20211206 12:54:26.992"/>
</kw>
<kw name="Sleep" library="BuiltIn">
<arg>3s</arg>
<doc>Pauses the test executed for the given time.</doc>
<msg timestamp="20211206 12:54:29.999" level="INFO">Slept 3 seconds</msg>
<status status="PASS" starttime="20211206 12:54:26.992" endtime="20211206 12:54:30.000"/>
</kw>
<kw name="Click Element" library="AppiumLibrary">
<arg>id=com.google.android.apps.photos:id/image</arg>
<doc>Click element identified by `locator`.</doc>
<msg timestamp="20211206 12:54:30.012" level="INFO">Clicking element 'id=com.google.android.apps.photos:id/image'.</msg>
<status status="PASS" starttime="20211206 12:54:30.001" endtime="20211206 12:54:30.374"/>
</kw>
<kw name="Sleep" library="BuiltIn">
<arg>3s</arg>
<doc>Pauses the test executed for the given time.</doc>
<msg timestamp="20211206 12:54:33.386" level="INFO">Slept 3 seconds</msg>
<status status="PASS" starttime="20211206 12:54:30.374" endtime="20211206 12:54:33.386"/>
</kw>
<kw name="Click Element" library="AppiumLibrary">
<arg>accessibility_id=Photo taken on Dec 6, 2021 12:24:34 PM</arg>
<doc>Click element identified by `locator`.</doc>
<msg timestamp="20211206 12:54:33.390" level="INFO">Clicking element 'accessibility_id=Photo taken on Dec 6, 2021 12:24:34 PM'.</msg>
<status status="PASS" starttime="20211206 12:54:33.386" endtime="20211206 12:54:34.062"/>
</kw>
<kw name="Sleep" library="BuiltIn">
<arg>3s</arg>
<doc>Pauses the test executed for the given time.</doc>
<msg timestamp="20211206 12:54:37.069" level="INFO">Slept 3 seconds</msg>
<status status="PASS" starttime="20211206 12:54:34.062" endtime="20211206 12:54:37.069"/>
</kw>
<kw name="Click Element" library="AppiumLibrary">
<arg>id=com.apnatime.debug:id/ucrop_btn_crop</arg>
<doc>Click element identified by `locator`.</doc>
<msg timestamp="20211206 12:54:37.074" level="INFO">Clicking element 'id=com.apnatime.debug:id/ucrop_btn_crop'.</msg>
<status status="PASS" starttime="20211206 12:54:37.070" endtime="20211206 12:54:38.725"/>
</kw>
<kw name="Sleep" library="BuiltIn">
<arg>3s</arg>
<doc>Pauses the test executed for the given time.</doc>
<msg timestamp="20211206 12:54:41.738" level="INFO">Slept 3 seconds</msg>
<status status="PASS" starttime="20211206 12:54:38.726" endtime="20211206 12:54:41.739"/>
</kw>
<kw name="Page Should Contain Element" library="AppiumLibrary">
<arg>id=com.apnatime.debug:id/row_card_img_profile</arg>
<doc>Verifies that current page contains `locator` element.</doc>
<msg timestamp="20211206 12:54:41.764" level="INFO">Current page contains element 'id=com.apnatime.debug:id/row_card_img_profile'.</msg>
<status status="PASS" starttime="20211206 12:54:41.739" endtime="20211206 12:54:41.764"/>
</kw>
<kw name="Wait Until Page Contains" library="AppiumLibrary">
<arg>text=Change photo</arg>
<doc>Waits until `text` appears on current page.</doc>
<status status="PASS" starttime="20211206 12:54:41.764" endtime="20211206 12:54:41.820"/>
</kw>
<kw name="Click Element" library="AppiumLibrary">
<arg>id=com.apnatime.debug:id/tv_change_photo</arg>
<doc>Click element identified by `locator`.</doc>
<msg timestamp="20211206 12:54:41.822" level="INFO">Clicking element 'id=com.apnatime.debug:id/tv_change_photo'.</msg>
<status status="PASS" starttime="20211206 12:54:41.820" endtime="20211206 12:54:41.905"/>
</kw>
<status status="PASS" starttime="20211206 12:54:20.796" endtime="20211206 12:54:41.906"/>
</kw>
<tag>upload photo from Gallery</tag>
<status status="PASS" starttime="20211206 12:54:20.796" endtime="20211206 12:54:41.906"/>
</test>
<test id="s1-t8" name="User need to upload photo from Camera">
<kw name="Upload from Camera">
<kw name="Sleep" library="BuiltIn">
<arg>3s</arg>
<doc>Pauses the test executed for the given time.</doc>
<msg timestamp="20211206 12:54:44.911" level="INFO">Slept 3 seconds</msg>
<status status="PASS" starttime="20211206 12:54:41.909" endtime="20211206 12:54:44.911"/>
</kw>
<kw name="Click Element" library="AppiumLibrary">
<arg>id=com.apnatime.debug:id/btm_sheet_img_pick_tvTakePhotoFromCamera</arg>
<doc>Click element identified by `locator`.</doc>
<msg timestamp="20211206 12:54:44.915" level="INFO">Clicking element 'id=com.apnatime.debug:id/btm_sheet_img_pick_tvTakePhotoFromCamera'.</msg>
<status status="PASS" starttime="20211206 12:54:44.912" endtime="20211206 12:54:45.029"/>
</kw>
<kw name="Sleep" library="BuiltIn">
<arg>3s</arg>
<doc>Pauses the test executed for the given time.</doc>
<msg timestamp="20211206 12:54:48.043" level="INFO">Slept 3 seconds</msg>
<status status="PASS" starttime="20211206 12:54:45.029" endtime="20211206 12:54:48.043"/>
</kw>
<kw name="Click Element" library="AppiumLibrary">
<arg>id=com.android.permissioncontroller:id/permission_allow_foreground_only_button</arg>
<doc>Click element identified by `locator`.</doc>
<msg timestamp="20211206 12:54:48.044" level="INFO">Clicking element 'id=com.android.permissioncontroller:id/permission_allow_foreground_only_button'.</msg>
<status status="PASS" starttime="20211206 12:54:48.043" endtime="20211206 12:54:48.107"/>
</kw>
<kw name="Sleep" library="BuiltIn">
<arg>3s</arg>
<doc>Pauses the test executed for the given time.</doc>
<msg timestamp="20211206 12:54:51.118" level="INFO">Slept 3 seconds</msg>
<status status="PASS" starttime="20211206 12:54:48.107" endtime="20211206 12:54:51.118"/>
</kw>
<kw name="Click Element" library="AppiumLibrary">
<arg>id=com.android.camera2:id/shutter_button</arg>
<doc>Click element identified by `locator`.</doc>
<msg timestamp="20211206 12:54:51.121" level="INFO">Clicking element 'id=com.android.camera2:id/shutter_button'.</msg>
<status status="PASS" starttime="20211206 12:54:51.118" endtime="20211206 12:54:57.665"/>
</kw>
<kw name="Sleep" library="BuiltIn">
<arg>3s</arg>
<doc>Pauses the test executed for the given time.</doc>
<msg timestamp="20211206 12:55:00.667" level="INFO">Slept 3 seconds</msg>
<status status="PASS" starttime="20211206 12:54:57.665" endtime="20211206 12:55:00.667"/>
</kw>
<kw name="Click Element" library="AppiumLibrary">
<arg>id=com.android.camera2:id/done_button</arg>
<doc>Click element identified by `locator`.</doc>
<msg timestamp="20211206 12:55:00.670" level="INFO">Clicking element 'id=com.android.camera2:id/done_button'.</msg>
<status status="PASS" starttime="20211206 12:55:00.667" endtime="20211206 12:55:00.769"/>
</kw>
<kw name="Sleep" library="BuiltIn">
<arg>3s</arg>
<doc>Pauses the test executed for the given time.</doc>
<msg timestamp="20211206 12:55:03.770" level="INFO">Slept 3 seconds</msg>
<status status="PASS" starttime="20211206 12:55:00.769" endtime="20211206 12:55:03.770"/>
</kw>
<kw name="Click Element" library="AppiumLibrary">
<arg>id=com.apnatime.debug:id/ucrop_btn_crop</arg>
<doc>Click element identified by `locator`.</doc>
<msg timestamp="20211206 12:55:03.774" level="INFO">Clicking element 'id=com.apnatime.debug:id/ucrop_btn_crop'.</msg>
<status status="PASS" starttime="20211206 12:55:03.770" endtime="20211206 12:55:04.552"/>
</kw>
<kw name="Sleep" library="BuiltIn">
<arg>3s</arg>
<doc>Pauses the test executed for the given time.</doc>
<msg timestamp="20211206 12:55:07.568" level="INFO">Slept 3 seconds</msg>
<status status="PASS" starttime="20211206 12:55:04.553" endtime="20211206 12:55:07.568"/>
</kw>
<kw name="Click Element" library="AppiumLibrary">
<arg>id=com.apnatime.debug:id/act_profile_info_btn_continue</arg>
<doc>Click element identified by `locator`.</doc>
<msg timestamp="20211206 12:55:07.571" level="INFO">Clicking element 'id=com.apnatime.debug:id/act_profile_info_btn_continue'.</msg>
<status status="PASS" starttime="20211206 12:55:07.568" endtime="20211206 12:55:07.655"/>
</kw>
<status status="PASS" starttime="20211206 12:54:41.909" endtime="20211206 12:55:07.656"/>
</kw>
<tag>upload photo from Camera</tag>
<status status="PASS" starttime="20211206 12:54:41.908" endtime="20211206 12:55:07.656"/>
</test>
<test id="s1-t9" name="User need to Capturing toast messages on Selecting the Job Categories more than 4 groups">
<kw name="Capturing toast messages on Selecting the Job Categories more than 4 groups">
<kw name="Sleep" library="BuiltIn">
<arg>3s</arg>
<doc>Pauses the test executed for the given time.</doc>
<msg timestamp="20211206 12:55:10.661" level="INFO">Slept 3 seconds</msg>
<status status="PASS" starttime="20211206 12:55:07.659" endtime="20211206 12:55:10.661"/>
</kw>
<kw name="Click Element" library="AppiumLibrary">
<arg>id=com.apnatime.debug:id/tvSeeJobs</arg>
<doc>Click element identified by `locator`.</doc>
<msg timestamp="20211206 12:55:10.665" level="INFO">Clicking element 'id=com.apnatime.debug:id/tvSeeJobs'.</msg>
<status status="PASS" starttime="20211206 12:55:10.661" endtime="20211206 12:55:10.786"/>
</kw>
<kw name="Sleep" library="BuiltIn">
<arg>10s</arg>
<doc>Pauses the test executed for the given time.</doc>
<msg timestamp="20211206 12:55:20.797" level="INFO">Slept 10 seconds</msg>
<status status="PASS" starttime="20211206 12:55:10.787" endtime="20211206 12:55:20.797"/>
</kw>
<kw name="Click Element" library="AppiumLibrary">
<arg>id=com.apnatime.debug:id/action_in_app_groups</arg>
<doc>Click element identified by `locator`.</doc>
<msg timestamp="20211206 12:55:20.809" level="INFO">Clicking element 'id=com.apnatime.debug:id/action_in_app_groups'.</msg>
<status status="PASS" starttime="20211206 12:55:20.797" endtime="20211206 12:55:21.082"/>
</kw>
<kw name="Sleep" library="BuiltIn">
<arg>3s</arg>
<doc>Pauses the test executed for the given time.</doc>
<msg timestamp="20211206 12:55:24.088" level="INFO">Slept 3 seconds</msg>
<status status="PASS" starttime="20211206 12:55:21.083" endtime="20211206 12:55:24.088"/>
</kw>
<kw name="Click Element" library="AppiumLibrary">
<arg>id=com.apnatime.debug:id/ic_move_next</arg>
<doc>Click element identified by `locator`.</doc>
<msg timestamp="20211206 12:55:24.093" level="INFO">Clicking element 'id=com.apnatime.debug:id/ic_move_next'.</msg>
<status status="PASS" starttime="20211206 12:55:24.088" endtime="20211206 12:55:24.227"/>
</kw>
<kw name="Sleep" library="BuiltIn">
<arg>3s</arg>
<doc>Pauses the test executed for the given time.</doc>
<msg timestamp="20211206 12:55:27.233" level="INFO">Slept 3 seconds</msg>
<status status="PASS" starttime="20211206 12:55:24.228" endtime="20211206 12:55:27.233"/>
</kw>
<kw name="Click Element" library="AppiumLibrary">
<arg>id=com.apnatime.debug:id/ic_move_next</arg>
<doc>Click element identified by `locator`.</doc>
<msg timestamp="20211206 12:55:27.237" level="INFO">Clicking element 'id=com.apnatime.debug:id/ic_move_next'.</msg>
<status status="PASS" starttime="20211206 12:55:27.234" endtime="20211206 12:55:27.310"/>
</kw>
<kw name="Sleep" library="BuiltIn">
<arg>3s</arg>
<doc>Pauses the test executed for the given time.</doc>
<msg timestamp="20211206 12:55:30.312" level="INFO">Slept 3 seconds</msg>
<status status="PASS" starttime="20211206 12:55:27.310" endtime="20211206 12:55:30.312"/>
</kw>
<kw name="Click Element" library="AppiumLibrary">
<arg>id=com.apnatime.debug:id/tv_done</arg>
<doc>Click element identified by `locator`.</doc>
<msg timestamp="20211206 12:55:30.315" level="INFO">Clicking element 'id=com.apnatime.debug:id/tv_done'.</msg>
<status status="PASS" starttime="20211206 12:55:30.312" endtime="20211206 12:55:30.398"/>
</kw>
<kw name="Sleep" library="BuiltIn">
<arg>3s</arg>
<doc>Pauses the test executed for the given time.</doc>
<msg timestamp="20211206 12:55:33.401" level="INFO">Slept 3 seconds</msg>
<status status="PASS" starttime="20211206 12:55:30.398" endtime="20211206 12:55:33.402"/>
</kw>
<kw name="Click Element" library="AppiumLibrary">
<arg>id=com.apnatime.debug:id/tv_change_group</arg>
<doc>Click element identified by `locator`.</doc>
<msg timestamp="20211206 12:55:33.411" level="INFO">Clicking element 'id=com.apnatime.debug:id/tv_change_group'.</msg>
<status status="PASS" starttime="20211206 12:55:33.403" endtime="20211206 12:55:33.522"/>
</kw>
<kw name="Sleep" library="BuiltIn">
<arg>3s</arg>
<doc>Pauses the test executed for the given time.</doc>
<msg timestamp="20211206 12:55:36.531" level="INFO">Slept 3 seconds</msg>
<status status="PASS" starttime="20211206 12:55:33.522" endtime="20211206 12:55:36.532"/>
</kw>
<kw name="Click Element" library="AppiumLibrary">
<arg>xpath=//android.widget.TextView[@text="JOIN"]</arg>
<doc>Click element identified by `locator`.</doc>
<msg timestamp="20211206 12:55:36.542" level="INFO">Clicking element 'xpath=//android.widget.TextView[@text="JOIN"]'.</msg>
<status status="PASS" starttime="20211206 12:55:36.532" endtime="20211206 12:55:37.571"/>
</kw>
<kw name="Sleep" library="BuiltIn">
<arg>3s</arg>
<doc>Pauses the test executed for the given time.</doc>
<msg timestamp="20211206 12:55:40.585" level="INFO">Slept 3 seconds</msg>
<status status="PASS" starttime="20211206 12:55:37.571" endtime="20211206 12:55:40.586"/>
</kw>
<kw name="Click Element" library="AppiumLibrary">
<arg>xpath=//android.widget.TextView[@text="JOIN"]</arg>
<doc>Click element identified by `locator`.</doc>
<msg timestamp="20211206 12:55:40.596" level="INFO">Clicking element 'xpath=//android.widget.TextView[@text="JOIN"]'.</msg>
<status status="PASS" starttime="20211206 12:55:40.586" endtime="20211206 12:55:40.873"/>
</kw>
<kw name="Sleep" library="BuiltIn">
<arg>3s</arg>
<doc>Pauses the test executed for the given time.</doc>
<msg timestamp="20211206 12:55:43.879" level="INFO">Slept 3 seconds</msg>
<status status="PASS" starttime="20211206 12:55:40.873" endtime="20211206 12:55:43.879"/>
</kw>
<kw name="Click Element" library="AppiumLibrary">
<arg>xpath=//android.widget.TextView[@text="JOIN"]</arg>
<doc>Click element identified by `locator`.</doc>
<msg timestamp="20211206 12:55:43.885" level="INFO">Clicking element 'xpath=//android.widget.TextView[@text="JOIN"]'.</msg>
<status status="PASS" starttime="20211206 12:55:43.880" endtime="20211206 12:55:44.614"/>
</kw>
<kw name="Sleep" library="BuiltIn">
<arg>3s</arg>
<doc>Pauses the test executed for the given time.</doc>
<msg timestamp="20211206 12:55:47.619" level="INFO">Slept 3 seconds</msg>
<status status="PASS" starttime="20211206 12:55:44.614" endtime="20211206 12:55:47.619"/>
</kw>
<kw name="Click Element" library="AppiumLibrary">
<arg>xpath=//android.widget.TextView[@text="JOIN"]</arg>
<doc>Click element identified by `locator`.</doc>
<msg timestamp="20211206 12:55:47.624" level="INFO">Clicking element 'xpath=//android.widget.TextView[@text="JOIN"]'.</msg>
<status status="PASS" starttime="20211206 12:55:47.620" endtime="20211206 12:55:48.372"/>
</kw>
<kw name="Sleep" library="BuiltIn">
<arg>3s</arg>
<doc>Pauses the test executed for the given time.</doc>
<msg timestamp="20211206 12:55:51.386" level="INFO">Slept 3 seconds</msg>
<status status="PASS" starttime="20211206 12:55:48.372" endtime="20211206 12:55:51.386"/>
</kw>
<kw name="Click Element" library="AppiumLibrary">
<arg>xpath=//android.widget.TextView[@text="JOIN"]</arg>
<doc>Click element identified by `locator`.</doc>
<msg timestamp="20211206 12:55:51.391" level="INFO">Clicking element 'xpath=//android.widget.TextView[@text="JOIN"]'.</msg>
<status status="PASS" starttime="20211206 12:55:51.386" endtime="20211206 12:55:51.625"/>
</kw>
<kw name="Capture Page Screenshot" library="AppiumLibrary">
<arg>toast_message.png</arg>
<doc>Takes a screenshot of the current page and embeds it into the log.</doc>
<msg timestamp="20211206 12:55:52.417" level="INFO" html="true">&lt;/td&gt;&lt;/tr&gt;&lt;tr&gt;&lt;td colspan="3"&gt;&lt;a href="toast_message.png"&gt;&lt;img src="toast_message.png" width="800px"&gt;&lt;/a&gt;</msg>
<status status="PASS" starttime="20211206 12:55:51.625" endtime="20211206 12:55:52.417"/>
</kw>
<kw name="Sleep" library="BuiltIn">
<arg>3s</arg>
<doc>Pauses the test executed for the given time.</doc>
<msg timestamp="20211206 12:55:55.430" level="INFO">Slept 3 seconds</msg>
<status status="PASS" starttime="20211206 12:55:52.417" endtime="20211206 12:55:55.431"/>
</kw>
<kw name="Click Element" library="AppiumLibrary">
<arg>xpath=//android.widget.TextView[@text="JOIN"]</arg>
<doc>Click element identified by `locator`.</doc>
<msg timestamp="20211206 12:55:55.433" level="INFO">Clicking element 'xpath=//android.widget.TextView[@text="JOIN"]'.</msg>
<status status="PASS" starttime="20211206 12:55:55.431" endtime="20211206 12:55:55.624"/>
</kw>
<kw name="Capture Page Screenshot" library="AppiumLibrary">
<arg>toast_message1.png</arg>
<doc>Takes a screenshot of the current page and embeds it into the log.</doc>
<msg timestamp="20211206 12:55:56.157" level="INFO" html="true">&lt;/td&gt;&lt;/tr&gt;&lt;tr&gt;&lt;td colspan="3"&gt;&lt;a href="toast_message1.png"&gt;&lt;img src="toast_message1.png" width="800px"&gt;&lt;/a&gt;</msg>
<status status="PASS" starttime="20211206 12:55:55.624" endtime="20211206 12:55:56.157"/>
</kw>
<kw name="Capture Page Screenshot" library="AppiumLibrary">
<arg>toast_message2.png</arg>
<doc>Takes a screenshot of the current page and embeds it into the log.</doc>
<msg timestamp="20211206 12:55:56.939" level="INFO" html="true">&lt;/td&gt;&lt;/tr&gt;&lt;tr&gt;&lt;td colspan="3"&gt;&lt;a href="toast_message2.png"&gt;&lt;img src="toast_message2.png" width="800px"&gt;&lt;/a&gt;</msg>
<status status="PASS" starttime="20211206 12:55:56.157" endtime="20211206 12:55:56.939"/>
</kw>
<kw name="Sleep" library="BuiltIn">
<arg>3s</arg>
<doc>Pauses the test executed for the given time.</doc>
<msg timestamp="20211206 12:55:59.946" level="INFO">Slept 3 seconds</msg>
<status status="PASS" starttime="20211206 12:55:56.939" endtime="20211206 12:55:59.946"/>
</kw>
<kw name="Click Element" library="AppiumLibrary">
<arg>id=com.apnatime.debug:id/iv_back</arg>
<doc>Click element identified by `locator`.</doc>
<msg timestamp="20211206 12:55:59.951" level="INFO">Clicking element 'id=com.apnatime.debug:id/iv_back'.</msg>
<status status="PASS" starttime="20211206 12:55:59.946" endtime="20211206 12:56:00.118"/>
</kw>
<kw name="Sleep" library="BuiltIn">
<arg>3s</arg>
<doc>Pauses the test executed for the given time.</doc>
<msg timestamp="20211206 12:56:03.127" level="INFO">Slept 3 seconds</msg>
<status status="PASS" starttime="20211206 12:56:00.118" endtime="20211206 12:56:03.127"/>
</kw>
<status status="PASS" starttime="20211206 12:55:07.659" endtime="20211206 12:56:03.127"/>
</kw>
<tag>Joining Groups</tag>
<status status="PASS" starttime="20211206 12:55:07.657" endtime="20211206 12:56:03.128"/>
</test>
<test id="s1-t10" name="User need to Connect with Friends, Overlay screens">
<kw name="Connect with Friends, Overlay screens">
<kw name="Sleep" library="BuiltIn">
<arg>3s</arg>
<doc>Pauses the test executed for the given time.</doc>
<msg timestamp="20211206 12:56:06.145" level="INFO">Slept 3 seconds</msg>
<status status="PASS" starttime="20211206 12:56:03.130" endtime="20211206 12:56:06.146"/>
</kw>
<kw name="Click Element" library="AppiumLibrary">
<arg>id=com.apnatime.debug:id/action_view_friends</arg>
<doc>Click element identified by `locator`.</doc>
<msg timestamp="20211206 12:56:06.164" level="INFO">Clicking element 'id=com.apnatime.debug:id/action_view_friends'.</msg>
<status status="PASS" starttime="20211206 12:56:06.148" endtime="20211206 12:56:06.307"/>
</kw>
<kw name="Sleep" library="BuiltIn">
<arg>3s</arg>
<doc>Pauses the test executed for the given time.</doc>
<msg timestamp="20211206 12:56:09.318" level="INFO">Slept 3 seconds</msg>
<status status="PASS" starttime="20211206 12:56:06.307" endtime="20211206 12:56:09.319"/>
</kw>
<kw name="Click Element" library="AppiumLibrary">
<arg>id=com.apnatime.debug:id/ic_move_next</arg>
<doc>Click element identified by `locator`.</doc>
<msg timestamp="20211206 12:56:09.331" level="INFO">Clicking element 'id=com.apnatime.debug:id/ic_move_next'.</msg>
<status status="PASS" starttime="20211206 12:56:09.320" endtime="20211206 12:56:09.445"/>
</kw>
<kw name="Sleep" library="BuiltIn">
<arg>3s</arg>
<doc>Pauses the test executed for the given time.</doc>
<msg timestamp="20211206 12:56:12.455" level="INFO">Slept 3 seconds</msg>
<status status="PASS" starttime="20211206 12:56:09.445" endtime="20211206 12:56:12.455"/>
</kw>
<kw name="Click Element" library="AppiumLibrary">
<arg>id=com.apnatime.debug:id/ic_move_next</arg>
<doc>Click element identified by `locator`.</doc>
<msg timestamp="20211206 12:56:12.457" level="INFO">Clicking element 'id=com.apnatime.debug:id/ic_move_next'.</msg>
<status status="PASS" starttime="20211206 12:56:12.455" endtime="20211206 12:56:12.524"/>
</kw>
<kw name="Sleep" library="BuiltIn">
<arg>3s</arg>
<doc>Pauses the test executed for the given time.</doc>
<msg timestamp="20211206 12:56:15.538" level="INFO">Slept 3 seconds</msg>
<status status="PASS" starttime="20211206 12:56:12.524" endtime="20211206 12:56:15.538"/>
</kw>
<kw name="Click Element" library="AppiumLibrary">
<arg>id=com.apnatime.debug:id/tv_done</arg>
<doc>Click element identified by `locator`.</doc>
<msg timestamp="20211206 12:56:15.541" level="INFO">Clicking element 'id=com.apnatime.debug:id/tv_done'.</msg>
<status status="PASS" starttime="20211206 12:56:15.538" endtime="20211206 12:56:15.664"/>
</kw>
<kw name="Sleep" library="BuiltIn">
<arg>3s</arg>
<doc>Pauses the test executed for the given time.</doc>
<msg timestamp="20211206 12:56:18.667" level="INFO">Slept 3 seconds</msg>
<status status="PASS" starttime="20211206 12:56:15.664" endtime="20211206 12:56:18.668"/>
</kw>
<kw name="Capture Page Screenshot" library="AppiumLibrary">
<arg>overlay_screen.png</arg>
<doc>Takes a screenshot of the current page and embeds it into the log.</doc>
<msg timestamp="20211206 12:56:20.050" level="INFO" html="true">&lt;/td&gt;&lt;/tr&gt;&lt;tr&gt;&lt;td colspan="3"&gt;&lt;a href="overlay_screen.png"&gt;&lt;img src="overlay_screen.png" width="800px"&gt;&lt;/a&gt;</msg>
<status status="PASS" starttime="20211206 12:56:18.668" endtime="20211206 12:56:20.050"/>
</kw>
<kw name="Sleep" library="BuiltIn">
<arg>3s</arg>
<doc>Pauses the test executed for the given time.</doc>
<msg timestamp="20211206 12:56:23.054" level="INFO">Slept 3 seconds</msg>
<status status="PASS" starttime="20211206 12:56:20.051" endtime="20211206 12:56:23.054"/>
</kw>
<kw name="Click Element" library="AppiumLibrary">
<arg>xpath=//android.widget.TextView[@text="Connect"]</arg>
<doc>Click element identified by `locator`.</doc>
<msg timestamp="20211206 12:56:23.060" level="INFO">Clicking element 'xpath=//android.widget.TextView[@text="Connect"]'.</msg>
<status status="PASS" starttime="20211206 12:56:23.054" endtime="20211206 12:56:23.841"/>
</kw>
<status status="PASS" starttime="20211206 12:56:03.129" endtime="20211206 12:56:23.842"/>
</kw>
<tag>Connect with Friends</tag>
<status status="PASS" starttime="20211206 12:56:03.129" endtime="20211206 12:56:23.843"/>
</test>
<status status="PASS" starttime="20211206 12:51:52.379" endtime="20211206 12:56:23.847"/>
</suite>
<statistics>
<total>
<stat pass="10" fail="0" skip="0">All Tests</stat>
</total>
<tag>
<stat pass="1" fail="0" skip="0">Connect with Friends</stat>
<stat pass="1" fail="0" skip="0">create their profile</stat>
<stat pass="1" fail="0" skip="0">create there work experience</stat>
<stat pass="1" fail="0" skip="0">edu details</stat>
<stat pass="1" fail="0" skip="0">Joining Groups</stat>
<stat pass="1" fail="0" skip="0">Login and get OTP</stat>
<stat pass="1" fail="0" skip="0">upload photo from Camera</stat>
<stat pass="1" fail="0" skip="0">upload photo from Gallery</stat>
<stat pass="1" fail="0" skip="0">Users can select the types of jobs</stat>
<stat pass="1" fail="0" skip="0">user should be able to search in Apna application</stat>
</tag>
<suite>
<stat pass="10" fail="0" skip="0" id="s1" name="Test">Test</stat>
</suite>
</statistics>
<errors>
</errors>
</robot>
